This is pdfTeX, Version 3.14159265-2.6-1.40.15 (TeX Live 2014) (preloaded format=pdflatex 2014.5.25)  13 OCT 2015 16:11
entering extended mode
 restricted \write18 enabled.
 file:line:error style messages enabled.
 %&-line parsing enabled.
**hipc2015.tex
(./hipc2015.tex
LaTeX2e <2014/05/01>
Babel <3.9k> and hyphenation patterns for 78 languages loaded.
(./IEEEtran.cls
Document Class: IEEEtran 2007/03/05 V1.7a by Michael Shell
-- See the "IEEEtran_HOWTO" manual for usage information.
-- http://www.michaelshell.org/tex/ieeetran/
\@IEEEtrantmpdimenA=\dimen102
\@IEEEtrantmpdimenB=\dimen103
\@IEEEtrantmpcountA=\count79
\@IEEEtrantmpcountB=\count80
\@IEEEtrantmptoksA=\toks14
LaTeX Font Info:    Try loading font information for OT1+ptm on input line 373.

(/usr/local/texlive/2014/texmf-dist/tex/latex/psnfss/ot1ptm.fd
File: ot1ptm.fd 2001/06/04 font definitions for OT1/ptm.
)
-- Using 8.5in x 11in (letter) paper.
-- Using PDF output.
\@IEEEnormalsizeunitybaselineskip=\dimen104
-- This is a 10 point document.
\CLASSINFOnormalsizebaselineskip=\dimen105
\CLASSINFOnormalsizeunitybaselineskip=\dimen106
\IEEEnormaljot=\dimen107
LaTeX Font Info:    Font shape `OT1/ptm/bx/n' in size <5> not available
(Font)              Font shape `OT1/ptm/b/n' tried instead on input line 731.
LaTeX Font Info:    Font shape `OT1/ptm/bx/it' in size <5> not available
(Font)              Font shape `OT1/ptm/b/it' tried instead on input line 731.
LaTeX Font Info:    Font shape `OT1/ptm/bx/n' in size <7> not available
(Font)              Font shape `OT1/ptm/b/n' tried instead on input line 731.
LaTeX Font Info:    Font shape `OT1/ptm/bx/it' in size <7> not available
(Font)              Font shape `OT1/ptm/b/it' tried instead on input line 731.
LaTeX Font Info:    Font shape `OT1/ptm/bx/n' in size <8> not available
(Font)              Font shape `OT1/ptm/b/n' tried instead on input line 731.
LaTeX Font Info:    Font shape `OT1/ptm/bx/it' in size <8> not available
(Font)              Font shape `OT1/ptm/b/it' tried instead on input line 731.
LaTeX Font Info:    Font shape `OT1/ptm/bx/n' in size <9> not available
(Font)              Font shape `OT1/ptm/b/n' tried instead on input line 731.
LaTeX Font Info:    Font shape `OT1/ptm/bx/it' in size <9> not available
(Font)              Font shape `OT1/ptm/b/it' tried instead on input line 731.
LaTeX Font Info:    Font shape `OT1/ptm/bx/n' in size <10> not available
(Font)              Font shape `OT1/ptm/b/n' tried instead on input line 731.
LaTeX Font Info:    Font shape `OT1/ptm/bx/it' in size <10> not available
(Font)              Font shape `OT1/ptm/b/it' tried instead on input line 731.
LaTeX Font Info:    Font shape `OT1/ptm/bx/n' in size <11> not available
(Font)              Font shape `OT1/ptm/b/n' tried instead on input line 731.
LaTeX Font Info:    Font shape `OT1/ptm/bx/it' in size <11> not available
(Font)              Font shape `OT1/ptm/b/it' tried instead on input line 731.
LaTeX Font Info:    Font shape `OT1/ptm/bx/n' in size <12> not available
(Font)              Font shape `OT1/ptm/b/n' tried instead on input line 731.
LaTeX Font Info:    Font shape `OT1/ptm/bx/it' in size <12> not available
(Font)              Font shape `OT1/ptm/b/it' tried instead on input line 731.
LaTeX Font Info:    Font shape `OT1/ptm/bx/n' in size <17> not available
(Font)              Font shape `OT1/ptm/b/n' tried instead on input line 731.
LaTeX Font Info:    Font shape `OT1/ptm/bx/it' in size <17> not available
(Font)              Font shape `OT1/ptm/b/it' tried instead on input line 731.
LaTeX Font Info:    Font shape `OT1/ptm/bx/n' in size <20> not available
(Font)              Font shape `OT1/ptm/b/n' tried instead on input line 731.
LaTeX Font Info:    Font shape `OT1/ptm/bx/it' in size <20> not available
(Font)              Font shape `OT1/ptm/b/it' tried instead on input line 731.
LaTeX Font Info:    Font shape `OT1/ptm/bx/n' in size <24> not available
(Font)              Font shape `OT1/ptm/b/n' tried instead on input line 731.
LaTeX Font Info:    Font shape `OT1/ptm/bx/it' in size <24> not available
(Font)              Font shape `OT1/ptm/b/it' tried instead on input line 731.
\IEEEilabelindentA=\dimen108
\IEEEilabelindentB=\dimen109
\IEEEilabelindent=\dimen110
\IEEEelabelindent=\dimen111
\IEEEdlabelindent=\dimen112
\IEEElabelindent=\dimen113
\IEEEiednormlabelsep=\dimen114
\IEEEiedmathlabelsep=\dimen115
\IEEEiedtopsep=\skip41
\c@section=\count81
\c@subsection=\count82
\c@subsubsection=\count83
\c@paragraph=\count84
\c@IEEEsubequation=\count85
\abovecaptionskip=\skip42
\belowcaptionskip=\skip43
\c@figure=\count86
\c@table=\count87
\@IEEEeqnnumcols=\count88
\@IEEEeqncolcnt=\count89
\@IEEEtmpitemindent=\dimen116
\c@IEEEbiography=\count90
\@IEEEtranrubishbin=\box26
) (/usr/local/texlive/2014/texmf-dist/tex/latex/amsmath/amsmath.sty
Package: amsmath 2013/01/14 v2.14 AMS math features
\@mathmargin=\skip44

For additional information on amsmath, use the `?' option.
(/usr/local/texlive/2014/texmf-dist/tex/latex/amsmath/amstext.sty
Package: amstext 2000/06/29 v2.01

(/usr/local/texlive/2014/texmf-dist/tex/latex/amsmath/amsgen.sty
File: amsgen.sty 1999/11/30 v2.0
\@emptytoks=\toks15
\ex@=\dimen117
))
(/usr/local/texlive/2014/texmf-dist/tex/latex/amsmath/amsbsy.sty
Package: amsbsy 1999/11/29 v1.2d
\pmbraise@=\dimen118
)
(/usr/local/texlive/2014/texmf-dist/tex/latex/amsmath/amsopn.sty
Package: amsopn 1999/12/14 v2.01 operator names
)
\inf@bad=\count91
LaTeX Info: Redefining \frac on input line 210.
\uproot@=\count92
\leftroot@=\count93
LaTeX Info: Redefining \overline on input line 306.
\classnum@=\count94
\DOTSCASE@=\count95
LaTeX Info: Redefining \ldots on input line 378.
LaTeX Info: Redefining \dots on input line 381.
LaTeX Info: Redefining \cdots on input line 466.
\Mathstrutbox@=\box27
\strutbox@=\box28
\big@size=\dimen119
LaTeX Font Info:    Redeclaring font encoding OML on input line 566.
LaTeX Font Info:    Redeclaring font encoding OMS on input line 567.
\macc@depth=\count96
\c@MaxMatrixCols=\count97
\dotsspace@=\muskip10
\c@parentequation=\count98
\dspbrk@lvl=\count99
\tag@help=\toks16
\row@=\count100
\column@=\count101
\maxfields@=\count102
\andhelp@=\toks17
\eqnshift@=\dimen120
\alignsep@=\dimen121
\tagshift@=\dimen122
\tagwidth@=\dimen123
\totwidth@=\dimen124
\lineht@=\dimen125
\@envbody=\toks18
\multlinegap=\skip45
\multlinetaggap=\skip46
\mathdisplay@stack=\toks19
LaTeX Info: Redefining \[ on input line 2665.
LaTeX Info: Redefining \] on input line 2666.
)
(/usr/local/texlive/2014/texmf-dist/tex/latex/graphics/graphics.sty
Package: graphics 2009/02/05 v1.0o Standard LaTeX Graphics (DPC,SPQR)

(/usr/local/texlive/2014/texmf-dist/tex/latex/graphics/trig.sty
Package: trig 1999/03/16 v1.09 sin cos tan (DPC)
)
(/usr/local/texlive/2014/texmf-dist/tex/latex/latexconfig/graphics.cfg
File: graphics.cfg 2010/04/23 v1.9 graphics configuration of TeX Live
)
Package graphics Info: Driver file: pdftex.def on input line 91.

(/usr/local/texlive/2014/texmf-dist/tex/latex/pdftex-def/pdftex.def
File: pdftex.def 2011/05/27 v0.06d Graphics/color for pdfTeX

(/usr/local/texlive/2014/texmf-dist/tex/generic/oberdiek/infwarerr.sty
Package: infwarerr 2010/04/08 v1.3 Providing info/warning/error messages (HO)
)
(/usr/local/texlive/2014/texmf-dist/tex/generic/oberdiek/ltxcmds.sty
Package: ltxcmds 2011/11/09 v1.22 LaTeX kernel commands for general use (HO)
)
\Gread@gobject=\count103
))
(/usr/local/texlive/2014/texmf-dist/tex/latex/subfigure/subfigure.sty
Package: subfigure 2002/03/15 v2.1.5 subfigure package
\subfigtopskip=\skip47
\subfigcapskip=\skip48
\subfigcaptopadj=\dimen126
\subfigbottomskip=\skip49
\subfigcapmargin=\dimen127
\subfiglabelskip=\skip50
\c@subfigure=\count104
\c@lofdepth=\count105
\c@subtable=\count106
\c@lotdepth=\count107

****************************************
* Local config file subfigure.cfg used *
****************************************
(/usr/local/texlive/2014/texmf-dist/tex/latex/subfigure/subfigure.cfg)
\subfig@top=\skip51
\subfig@bottom=\skip52
)
(/usr/local/texlive/2014/texmf-dist/tex/latex/graphics/graphicx.sty
Package: graphicx 2014/04/25 v1.0g Enhanced LaTeX Graphics (DPC,SPQR)

(/usr/local/texlive/2014/texmf-dist/tex/latex/graphics/keyval.sty
Package: keyval 2014/05/08 v1.15 key=value parser (DPC)
\KV@toks@=\toks20
)
\Gin@req@height=\dimen128
\Gin@req@width=\dimen129
)
(/usr/local/texlive/2014/texmf-dist/tex/latex/algorithms/algorithm.sty
Package: algorithm 2009/08/24 v0.1 Document Style `algorithm' - floating enviro
nment

(/usr/local/texlive/2014/texmf-dist/tex/latex/float/float.sty
Package: float 2001/11/08 v1.3d Float enhancements (AL)
\c@float@type=\count108
\float@exts=\toks21
\float@box=\box29
\@float@everytoks=\toks22
\@floatcapt=\box30
)
(/usr/local/texlive/2014/texmf-dist/tex/latex/base/ifthen.sty
Package: ifthen 2001/05/26 v1.1c Standard LaTeX ifthen package (DPC)
)
\@float@every@algorithm=\toks23
\c@algorithm=\count109
)
(/usr/local/texlive/2014/texmf-dist/tex/latex/algorithms/algorithmic.sty
Package: algorithmic 2009/08/24 v0.1 Document Style `algorithmic'
\c@ALC@unique=\count110
\c@ALC@line=\count111
\c@ALC@rem=\count112
\c@ALC@depth=\count113
\ALC@tlm=\skip53
\algorithmicindent=\skip54
)
(/usr/local/texlive/2014/texmf-dist/tex/latex/comment/comment.sty
\CommentStream=\write3

Excluding comment 'comment')
\c@definition=\count114
 (./hipc2015.aux

LaTeX Warning: Label `algo1' multiply defined.

)
\openout1 = `hipc2015.aux'.

LaTeX Font Info:    Checking defaults for OML/cmm/m/it on input line 20.
LaTeX Font Info:    ... okay on input line 20.
LaTeX Font Info:    Checking defaults for T1/cmr/m/n on input line 20.
LaTeX Font Info:    ... okay on input line 20.
LaTeX Font Info:    Checking defaults for OT1/cmr/m/n on input line 20.
LaTeX Font Info:    ... okay on input line 20.
LaTeX Font Info:    Checking defaults for OMS/cmsy/m/n on input line 20.
LaTeX Font Info:    ... okay on input line 20.
LaTeX Font Info:    Checking defaults for OMX/cmex/m/n on input line 20.
LaTeX Font Info:    ... okay on input line 20.
LaTeX Font Info:    Checking defaults for U/cmr/m/n on input line 20.
LaTeX Font Info:    ... okay on input line 20.
 (/usr/local/texlive/2014/texmf-dist/tex/context/base/supp-pdf.mkii
[Loading MPS to PDF converter (version 2006.09.02).]
\scratchcounter=\count115
\scratchdimen=\dimen130
\scratchbox=\box31
\nofMPsegments=\count116
\nofMParguments=\count117
\everyMPshowfont=\toks24
\MPscratchCnt=\count118
\MPscratchDim=\dimen131
\MPnumerator=\count119
\makeMPintoPDFobject=\count120
\everyMPtoPDFconversion=\toks25
) (/usr/local/texlive/2014/texmf-dist/tex/generic/oberdiek/pdftexcmds.sty
Package: pdftexcmds 2011/11/29 v0.20 Utility functions of pdfTeX for LuaTeX (HO
)

(/usr/local/texlive/2014/texmf-dist/tex/generic/oberdiek/ifluatex.sty
Package: ifluatex 2010/03/01 v1.3 Provides the ifluatex switch (HO)
Package ifluatex Info: LuaTeX not detected.
)
(/usr/local/texlive/2014/texmf-dist/tex/generic/oberdiek/ifpdf.sty
Package: ifpdf 2011/01/30 v2.3 Provides the ifpdf switch (HO)
Package ifpdf Info: pdfTeX in PDF mode is detected.
)
Package pdftexcmds Info: LuaTeX not detected.
Package pdftexcmds Info: \pdf@primitive is available.
Package pdftexcmds Info: \pdf@ifprimitive is available.
Package pdftexcmds Info: \pdfdraftmode found.
)
(/usr/local/texlive/2014/texmf-dist/tex/latex/oberdiek/epstopdf-base.sty
Package: epstopdf-base 2010/02/09 v2.5 Base part for package epstopdf

(/usr/local/texlive/2014/texmf-dist/tex/latex/oberdiek/grfext.sty
Package: grfext 2010/08/19 v1.1 Manage graphics extensions (HO)

(/usr/local/texlive/2014/texmf-dist/tex/generic/oberdiek/kvdefinekeys.sty
Package: kvdefinekeys 2011/04/07 v1.3 Define keys (HO)
))
(/usr/local/texlive/2014/texmf-dist/tex/latex/oberdiek/kvoptions.sty
Package: kvoptions 2011/06/30 v3.11 Key value format for package options (HO)

(/usr/local/texlive/2014/texmf-dist/tex/generic/oberdiek/kvsetkeys.sty
Package: kvsetkeys 2012/04/25 v1.16 Key value parser (HO)

(/usr/local/texlive/2014/texmf-dist/tex/generic/oberdiek/etexcmds.sty
Package: etexcmds 2011/02/16 v1.5 Avoid name clashes with e-TeX commands (HO)
Package etexcmds Info: Could not find \expanded.
(etexcmds)             That can mean that you are not using pdfTeX 1.50 or
(etexcmds)             that some package has redefined \expanded.
(etexcmds)             In the latter case, load this package earlier.
)))
Package grfext Info: Graphics extension search list:
(grfext)             [.png,.pdf,.jpg,.mps,.jpeg,.jbig2,.jb2,.PNG,.PDF,.JPG,.JPE
G,.JBIG2,.JB2,.eps]
(grfext)             \AppendGraphicsExtensions on input line 452.

(/usr/local/texlive/2014/texmf-dist/tex/latex/latexconfig/epstopdf-sys.cfg
File: epstopdf-sys.cfg 2010/07/13 v1.3 Configuration of (r)epstopdf for TeX Liv
e
))
LaTeX Font Info:    Font shape `OT1/ptm/bx/n' in size <14> not available
(Font)              Font shape `OT1/ptm/b/n' tried instead on input line 72.

[1{/usr/local/texlive/2014/texmf-var/fonts/map/pdftex/updmap/pdftex.map}


]
<Figures/fig2.png, id=16, 706.13812pt x 286.82156pt>
File: Figures/fig2.png Graphic file (type png)
 <use Figures/fig2.png>
Package pdftex.def Info: Figures/fig2.png used on input line 142.
(pdftex.def)             Requested size: 199.16928pt x 80.90031pt.

<Figures/fig3.png, id=17, 377.15906pt x 292.84406pt>
File: Figures/fig3.png Graphic file (type png)
 <use Figures/fig3.png>
Package pdftex.def Info: Figures/fig3.png used on input line 169.
(pdftex.def)             Requested size: 113.81102pt x 88.36775pt.

<Figures/fig4.png, id=18, 377.15906pt x 292.84406pt>
File: Figures/fig4.png Graphic file (type png)
 <use Figures/fig4.png>
Package pdftex.def Info: Figures/fig4.png used on input line 176.
(pdftex.def)             Requested size: 113.81102pt x 88.36775pt.

[2 <./Figures/fig2.png> <./Figures/fig3.png> <./Figures/fig4.png>]
Underfull \hbox (badness 1789) in paragraph at lines 223--228
[]\OT1/ptm/m/n/10 For the FPGA-based pri-or-ity queue im-ple-men-ta-tion,
 []

<Figures/5.png, id=24, 651.18282pt x 414.04688pt>
File: Figures/5.png Graphic file (type png)
 <use Figures/5.png>
Package pdftex.def Info: Figures/5.png used on input line 238.
(pdftex.def)             Requested size: 170.71652pt x 108.54677pt.

<Figures/6.png, id=25, 651.18282pt x 402.00188pt>
File: Figures/6.png Graphic file (type png)
 <use Figures/6.png>
Package pdftex.def Info: Figures/6.png used on input line 246.
(pdftex.def)             Requested size: 184.9429pt x 114.173pt.

<Figures/7.png, id=26, 651.18282pt x 402.00188pt>
File: Figures/7.png Graphic file (type png)
 <use Figures/7.png>
Package pdftex.def Info: Figures/7.png used on input line 253.
(pdftex.def)             Requested size: 184.9429pt x 114.173pt.
 [3 <./Figures/5.png> <./Figures/6.png> <./Figures/7.png>]
<Figures/8.png, id=33, 655.69969pt x 402.00188pt>
File: Figures/8.png Graphic file (type png)
 <use Figures/8.png>
Package pdftex.def Info: Figures/8.png used on input line 301.
(pdftex.def)             Requested size: 184.9429pt x 113.38785pt.

<Figures/9.png, id=34, 655.69969pt x 402.00188pt>
File: Figures/9.png Graphic file (type png)
 <use Figures/9.png>
Package pdftex.def Info: Figures/9.png used on input line 308.
(pdftex.def)             Requested size: 184.9429pt x 113.38785pt.

<Figures/2.png, id=35, 721.94719pt x 430.60875pt>
File: Figures/2.png Graphic file (type png)
 <use Figures/2.png>
Package pdftex.def Info: Figures/2.png used on input line 315.
(pdftex.def)             Requested size: 270.30118pt x 161.22162pt.

<Figures/hole.png, id=36, 398.23781pt x 291.33844pt>
File: Figures/hole.png Graphic file (type png)
 <use Figures/hole.png>
Package pdftex.def Info: Figures/hole.png used on input line 332.
(pdftex.def)             Requested size: 113.81102pt x 83.25903pt.

[4 <./Figures/8.png> <./Figures/9.png> <./Figures/hole.png>]
Underfull \hbox (badness 10000) in paragraph at lines 386--386
[] []\OT1/ptm/b/n/10 while \OT1/ptm/m/n/10 ($\OML/cmm/m/it/10 leftChild\OT1/cmr
/m/n/10 [\OML/cmm/m/it/10 del[]index\OT1/cmr/m/n/10 ]$ $\OMS/cmsy/m/n/10 6\OT1/
cmr/m/n/10 =$ \OT1/ptm/m/n/10 NULL &
 []


Underfull \hbox (badness 10000) in paragraph at lines 387--387
[] []\OT1/ptm/b/n/10 if \OT1/ptm/m/n/10 ($\OML/cmm/m/it/10 leftChild\OT1/cmr/m/
n/10 [\OML/cmm/m/it/10 del[]index\OT1/cmr/m/n/10 ]$ $\OML/cmm/m/it/10 <$
 []

<Figures/1.png, id=40, 653.44125pt x 450.9347pt>
File: Figures/1.png Graphic file (type png)
 <use Figures/1.png>
Package pdftex.def Info: Figures/1.png used on input line 408.
(pdftex.def)             Requested size: 213.39566pt x 147.26074pt.

Underfull \vbox (badness 1057) has occurred while \output is active []

 [5 <./Figures/2.png> <./Figures/1.png>]
Underfull \hbox (badness 3088) in paragraph at lines 446--446
[]\OT1/ptm/b/n/10 Algorithm 2 \OT1/ptm/m/n/10 Al-go-rithm for $\OML/cmm/m/it/10
 findPath$\OT1/ptm/m/n/10 (counter, hole-
 []


Underfull \hbox (badness 10000) in paragraph at lines 481--481
[]\OT1/ptm/b/n/10 Algorithm 5 \OT1/ptm/m/n/10 Al-go-rithm for
 []

<Figures/clock1.png, id=44, 749.80125pt x 362.85562pt>
File: Figures/clock1.png Graphic file (type png)

<use Figures/clock1.png>
Package pdftex.def Info: Figures/clock1.png used on input line 520.
(pdftex.def)             Requested size: 341.43306pt x 165.23244pt.

<Figures/clock2.png, id=45, 715.17188pt x 362.85562pt>
File: Figures/clock2.png Graphic file (type png)

<use Figures/clock2.png>
Package pdftex.def Info: Figures/clock2.png used on input line 527.
(pdftex.def)             Requested size: 341.43306pt x 173.233pt.
 [6]
<Figures/d3.png, id=49, 647.41875pt x 456.95718pt>
File: Figures/d3.png Graphic file (type png)
 <use Figures/d3.png>
Package pdftex.def Info: Figures/d3.png used on input line 594.
(pdftex.def)             Requested size: 199.16928pt x 140.57451pt.

Underfull \vbox (badness 10000) has occurred while \output is active []


Underfull \vbox (badness 5203) has occurred while \output is active []

 [7 <./Figures/clock1.png> <./Figures/clock2.png> <./Figures/d3.png>]
Overfull \hbox (2.26324pt too wide) in paragraph at lines 682--694
 [][] 
 []

[8] <Figures/random.png, id=57, 481.8pt x 291.33844pt>
File: Figures/random.png Graphic file (type png)

<use Figures/random.png>
Package pdftex.def Info: Figures/random.png used on input line 729.
(pdftex.def)             Requested size: 227.62204pt x 137.64035pt.
 Excluding 'comment' comment.
Missing character: There is no Â in font ptmr7t!
Missing character: There is no ¸ in font ptmr7t!
 [9 <./Figures/random.png>]
Missing character: There is no Ã in font ptmr7t!
Missing character: There is no ¼ in font ptmr7t!


** Conference Paper **
Before submitting the final camera ready copy, remember to:

 1. Manually equalize the lengths of two columns on the last page
 of your paper;

 2. Ensure that any PostScript and/or PDF output post-processing
 uses only Type 1 fonts and that every step in the generation
 process uses the appropriate paper size.

[10] (./hipc2015.aux)

LaTeX Warning: There were multiply-defined labels.

 ) 
Here is how much of TeX's memory you used:
 3399 strings out of 493117
 49859 string characters out of 6135433
 124342 words of memory out of 5000000
 6798 multiletter control sequences out of 15000+600000
 43629 words of font info for 83 fonts, out of 8000000 for 9000
 1141 hyphenation exceptions out of 8191
 38i,14n,24p,589b,539s stack positions out of 5000i,500n,10000p,200000b,80000s
{/usr/local/texlive/2014/texmf-dist/fonts/enc/dvips/base/8r.enc}</usr/local/t
exlive/2014/texmf-dist/fonts/type1/public/amsfonts/cm/cmmi10.pfb></usr/local/te
xlive/2014/texmf-dist/fonts/type1/public/amsfonts/cm/cmmi6.pfb></usr/local/texl
ive/2014/texmf-dist/fonts/type1/public/amsfonts/cm/cmmi7.pfb></usr/local/texliv
e/2014/texmf-dist/fonts/type1/public/amsfonts/cm/cmmi8.pfb></usr/local/texlive/
2014/texmf-dist/fonts/type1/public/amsfonts/cm/cmmi9.pfb></usr/local/texlive/20
14/texmf-dist/fonts/type1/public/amsfonts/cm/cmr10.pfb></usr/local/texlive/2014
/texmf-dist/fonts/type1/public/amsfonts/cm/cmr6.pfb></usr/local/texlive/2014/te
xmf-dist/fonts/type1/public/amsfonts/cm/cmr7.pfb></usr/local/texlive/2014/texmf
-dist/fonts/type1/public/amsfonts/cm/cmr8.pfb></usr/local/texlive/2014/texmf-di
st/fonts/type1/public/amsfonts/cm/cmr9.pfb></usr/local/texlive/2014/texmf-dist/
fonts/type1/public/amsfonts/cm/cmsy10.pfb></usr/local/texlive/2014/texmf-dist/f
onts/type1/public/amsfonts/cm/cmsy7.pfb></usr/local/texlive/2014/texmf-dist/fon
ts/type1/public/amsfonts/cm/cmsy8.pfb></usr/local/texlive/2014/texmf-dist/fonts
/type1/urw/times/utmb8a.pfb></usr/local/texlive/2014/texmf-dist/fonts/type1/urw
/times/utmbi8a.pfb></usr/local/texlive/2014/texmf-dist/fonts/type1/urw/times/ut
mr8a.pfb></usr/local/texlive/2014/texmf-dist/fonts/type1/urw/times/utmri8a.pfb>

Output written on hipc2015.pdf (10 pages, 643198 bytes).
PDF statistics:
 121 PDF objects out of 1000 (max. 8388607)
 76 compressed objects within 1 object stream
 0 named destinations out of 1000 (max. 500000)
 76 words of extra memory for PDF output out of 10000 (max. 10000000)

